0 info it worked if it ends with ok
1 verbose cli [ '/usr/share/atom/resources/app/apm/bin/node',
1 verbose cli   '/usr/share/atom/resources/app/apm/node_modules/npm/bin/npm-cli.js',
1 verbose cli   '--globalconfig',
1 verbose cli   '/home/edison/.atom/.apm/.apmrc',
1 verbose cli   '--userconfig',
1 verbose cli   '/home/edison/.atom/.apmrc',
1 verbose cli   'install',
1 verbose cli   'https://www.atom.io/api/packages/atom-beautify/versions/0.33.4/tarball',
1 verbose cli   '--target=3.1.10',
1 verbose cli   '--disturl=https://atom.io/download/electron',
1 verbose cli   '--arch=x64',
1 verbose cli   '--global-style' ]
2 info using npm@6.2.0
3 info using node@v10.2.1
4 verbose npm-session 5aff1104314757c2
5 silly install loadCurrentTree
6 silly install readLocalPackageData
7 silly fetchPackageMetaData error for https://www.atom.io/api/packages/atom-beautify/versions/0.33.4/tarball request to https://www.atom.io/api/packages/atom-beautify/versions/0.33.4/tarball failed, reason: getaddrinfo ENOTFOUND www.atom.io www.atom.io:443
8 timing stage:rollbackFailedOptional Completed in 3ms
9 timing stage:runTopLevelLifecycles Completed in 30186ms
10 verbose type system
11 verbose stack FetchError: request to https://www.atom.io/api/packages/atom-beautify/versions/0.33.4/tarball failed, reason: getaddrinfo ENOTFOUND www.atom.io www.atom.io:443
11 verbose stack     at ClientRequest.req.on.err (/usr/share/atom/resources/app/apm/node_modules/npm/node_modules/node-fetch-npm/src/index.js:68:14)
11 verbose stack     at ClientRequest.emit (events.js:182:13)
11 verbose stack     at TLSSocket.socketErrorListener (_http_client.js:382:9)
11 verbose stack     at TLSSocket.emit (events.js:182:13)
11 verbose stack     at emitErrorNT (internal/streams/destroy.js:82:8)
11 verbose stack     at emitErrorAndCloseNT (internal/streams/destroy.js:50:3)
11 verbose stack     at process._tickCallback (internal/process/next_tick.js:63:19)
12 verbose cwd /tmp/apm-install-dir-120029-19107-tx77l4.0fdtp
13 verbose Linux 5.3.0-26-generic
14 verbose argv "/usr/share/atom/resources/app/apm/bin/node" "/usr/share/atom/resources/app/apm/node_modules/npm/bin/npm-cli.js" "--globalconfig" "/home/edison/.atom/.apm/.apmrc" "--userconfig" "/home/edison/.atom/.apmrc" "install" "https://www.atom.io/api/packages/atom-beautify/versions/0.33.4/tarball" "--target=3.1.10" "--disturl=https://atom.io/download/electron" "--arch=x64" "--global-style"
15 verbose node v10.2.1
16 verbose npm  v6.2.0
17 error code ENOTFOUND
18 error errno ENOTFOUND
19 error network request to https://www.atom.io/api/packages/atom-beautify/versions/0.33.4/tarball failed, reason: getaddrinfo ENOTFOUND www.atom.io www.atom.io:443
20 error network This is a problem related to network connectivity.
20 error network In most cases you are behind a proxy or have bad network settings.
20 error network
20 error network If you are behind a proxy, please make sure that the
20 error network 'proxy' config is set properly.  See: 'npm help config'
21 verbose exit [ 1, true ]
